# JRE version: Java(TM) SE Runtime Environment (21.0.5+9) (build 21.0.5+9-LTS-239)
# Java VM: Java HotSpot(TM) 64-Bit Server VM (21.0.5+9-LTS-239, mixed mode, sharing, tiered, compressed oops, compressed class ptrs, g1 gc, windows-amd64)
GC Precious Log:
 CardTable entry size: 512
 Card Set container configuration: InlinePtr #cards 5 size 8 Array Of Cards #cards 12 size 40 Howl #buckets 4 coarsen threshold 1843 Howl Bitmap #cards 512 size 80 coarsen threshold 460 Card regions per heap region 1 cards per card region 2048
 CPUs: 8 total, 8 available
 Memory: 7834M
 Large Page Support: Disabled
 NUMA Support: Disabled
 Compressed Oops: Enabled (32-bit)
 Heap Region Size: 1M
 Heap Min Capacity: 8M
 Heap Initial Capacity: 124M
 Heap Max Capacity: 1960M
 Pre-touch: Disabled
 Parallel Workers: 8
 Concurrent Workers: 2
 Concurrent Refinement Workers: 8
 Periodic GC: Disabled
Heap:
 garbage-first heap   total 165888K, used 108159K [0x0000000085800000, 0x0000000100000000)
  region size 1024K, 13 young (13312K), 4 survivors (4096K)
 Metaspace       used 67267K, committed 67584K, reserved 1114112K
  class space    used 7091K, committed 7232K, reserved 1048576K
GC Heap History (20 events):
Event: 10.405 GC heap before
{Heap before GC invocations=16 (full 0):
 garbage-first heap   total 100352K, used 83625K [0x0000000085800000, 0x0000000100000000)
  region size 1024K, 31 young (31744K), 3 survivors (3072K)
 Metaspace       used 51744K, committed 52032K, reserved 1114112K
  class space    used 5885K, committed 6016K, reserved 1048576K
}
Event: 10.427 GC heap after
{Heap after GC invocations=17 (full 0):
 garbage-first heap   total 100352K, used 60416K [0x0000000085800000, 0x0000000100000000)
  region size 1024K, 4 young (4096K), 4 survivors (4096K)
 Metaspace       used 51744K, committed 52032K, reserved 1114112K
  class space    used 5885K, committed 6016K, reserved 1048576K
}
Event: 12.017 GC heap before
{Heap before GC invocations=17 (full 0):
 garbage-first heap   total 100352K, used 86016K [0x0000000085800000, 0x0000000100000000)
  region size 1024K, 29 young (29696K), 4 survivors (4096K)
 Metaspace       used 53553K, committed 53888K, reserved 1114112K
  class space    used 6050K, committed 6208K, reserved 1048576K
}
Event: 12.038 GC heap after
{Heap after GC invocations=18 (full 0):
 garbage-first heap   total 100352K, used 64119K [0x0000000085800000, 0x0000000100000000)
  region size 1024K, 4 young (4096K), 4 survivors (4096K)
 Metaspace       used 53553K, committed 53888K, reserved 1114112K
  class space    used 6050K, committed 6208K, reserved 1048576K
}
Event: 13.348 GC heap before
{Heap before GC invocations=18 (full 0):
 garbage-first heap   total 100352K, used 87671K [0x0000000085800000, 0x0000000100000000)
  region size 1024K, 27 young (27648K), 4 survivors (4096K)
 Metaspace       used 54577K, committed 54912K, reserved 1114112K
  class space    used 6127K, committed 6272K, reserved 1048576K
}
Event: 13.376 GC heap after
{Heap after GC invocations=19 (full 0):
 garbage-first heap   total 100352K, used 67426K [0x0000000085800000, 0x0000000100000000)
  region size 1024K, 3 young (3072K), 3 survivors (3072K)
 Metaspace       used 54577K, committed 54912K, reserved 1114112K
  class space    used 6127K, committed 6272K, reserved 1048576K
}
Event: 14.367 GC heap before
{Heap before GC invocations=20 (full 0):
 garbage-first heap   total 114688K, used 89954K [0x0000000085800000, 0x0000000100000000)
  region size 1024K, 25 young (25600K), 3 survivors (3072K)
 Metaspace       used 55074K, committed 55424K, reserved 1114112K
  class space    used 6151K, committed 6336K, reserved 1048576K
}
Event: 14.387 GC heap after
{Heap after GC invocations=21 (full 0):
 garbage-first heap   total 114688K, used 71680K [0x0000000085800000, 0x0000000100000000)
  region size 1024K, 4 young (4096K), 4 survivors (4096K)
 Metaspace       used 55074K, committed 55424K, reserved 1114112K
  class space    used 6151K, committed 6336K, reserved 1048576K
}
Event: 15.634 GC heap before
{Heap before GC invocations=21 (full 0):
 garbage-first heap   total 114688K, used 100352K [0x0000000085800000, 0x0000000100000000)
  region size 1024K, 32 young (32768K), 4 survivors (4096K)
 Metaspace       used 55386K, committed 55744K, reserved 1114112K
  class space    used 6155K, committed 6336K, reserved 1048576K
}
Event: 15.667 GC heap after
{Heap after GC invocations=22 (full 0):
 garbage-first heap   total 114688K, used 77312K [0x0000000085800000, 0x0000000100000000)
  region size 1024K, 4 young (4096K), 4 survivors (4096K)
 Metaspace       used 55386K, committed 55744K, reserved 1114112K
  class space    used 6155K, committed 6336K, reserved 1048576K
}
Event: 16.236 GC heap before
{Heap before GC invocations=22 (full 0):
 garbage-first heap   total 114688K, used 100864K [0x0000000085800000, 0x0000000100000000)
  region size 1024K, 27 young (27648K), 4 survivors (4096K)
 Metaspace       used 56015K, committed 56384K, reserved 1114112K
  class space    used 6199K, committed 6336K, reserved 1048576K
}
Event: 16.258 GC heap after
{Heap after GC invocations=23 (full 0):
 garbage-first heap   total 138240K, used 82432K [0x0000000085800000, 0x0000000100000000)
  region size 1024K, 4 young (4096K), 4 survivors (4096K)
 Metaspace       used 56015K, committed 56384K, reserved 1114112K
  class space    used 6199K, committed 6336K, reserved 1048576K
}
Event: 17.865 GC heap before
{Heap before GC invocations=24 (full 0):
 garbage-first heap   total 142336K, used 117248K [0x0000000085800000, 0x0000000100000000)
  region size 1024K, 39 young (39936K), 4 survivors (4096K)
 Metaspace       used 59332K, committed 59712K, reserved 1114112K
  class space    used 6483K, committed 6656K, reserved 1048576K
}
Event: 17.882 GC heap after
{Heap after GC invocations=25 (full 0):
 garbage-first heap   total 142336K, used 86831K [0x0000000085800000, 0x0000000100000000)
  region size 1024K, 4 young (4096K), 4 survivors (4096K)
 Metaspace       used 59332K, committed 59712K, reserved 1114112K
  class space    used 6483K, committed 6656K, reserved 1048576K
}
Event: 19.837 GC heap before
{Heap before GC invocations=25 (full 0):
 garbage-first heap   total 142336K, used 125743K [0x0000000085800000, 0x0000000100000000)
  region size 1024K, 42 young (43008K), 4 survivors (4096K)
 Metaspace       used 60739K, committed 61120K, reserved 1114112K
  class space    used 6536K, committed 6720K, reserved 1048576K
}
Event: 19.852 GC heap after
{Heap after GC invocations=26 (full 0):
 garbage-first heap   total 142336K, used 88639K [0x0000000085800000, 0x0000000100000000)
  region size 1024K, 3 young (3072K), 3 survivors (3072K)
 Metaspace       used 60739K, committed 61120K, reserved 1114112K
  class space    used 6536K, committed 6720K, reserved 1048576K
}
Event: 20.299 GC heap before
{Heap before GC invocations=26 (full 0):
 garbage-first heap   total 142336K, used 127551K [0x0000000085800000, 0x0000000100000000)
  region size 1024K, 41 young (41984K), 3 survivors (3072K)
 Metaspace       used 60901K, committed 61248K, reserved 1114112K
  class space    used 6541K, committed 6720K, reserved 1048576K
}
Event: 20.318 GC heap after
{Heap after GC invocations=27 (full 0):
 garbage-first heap   total 142336K, used 95525K [0x0000000085800000, 0x0000000100000000)
  region size 1024K, 6 young (6144K), 6 survivors (6144K)
 Metaspace       used 60901K, committed 61248K, reserved 1114112K
  class space    used 6541K, committed 6720K, reserved 1048576K
}
Event: 21.537 GC heap before
{Heap before GC invocations=28 (full 0):
 garbage-first heap   total 165888K, used 125221K [0x0000000085800000, 0x0000000100000000)
  region size 1024K, 36 young (36864K), 6 survivors (6144K)
 Metaspace       used 66552K, committed 66880K, reserved 1114112K
  class space    used 7026K, committed 7168K, reserved 1048576K
}
Event: 21.554 GC heap after
{Heap after GC invocations=29 (full 0):
 garbage-first heap   total 165888K, used 99967K [0x0000000085800000, 0x0000000100000000)
  region size 1024K, 4 young (4096K), 4 survivors (4096K)
 Metaspace       used 66552K, committed 66880K, reserved 1114112K
  class space    used 7026K, committed 7168K, reserved 1048576K
}

