# JRE version: Java(TM) SE Runtime Environment (21.0.5+9) (build 21.0.5+9-LTS-239)
# Java VM: Java HotSpot(TM) 64-Bit Server VM (21.0.5+9-LTS-239, mixed mode, sharing, tiered, compressed oops, compressed class ptrs, g1 gc, windows-amd64)
GC Precious Log:
 CardTable entry size: 512
 Card Set container configuration: InlinePtr #cards 5 size 8 Array Of Cards #cards 12 size 40 Howl #buckets 4 coarsen threshold 1843 Howl Bitmap #cards 512 size 80 coarsen threshold 460 Card regions per heap region 1 cards per card region 2048
 CPUs: 8 total, 8 available
 Memory: 7834M
 Large Page Support: Disabled
 NUMA Support: Disabled
 Compressed Oops: Enabled (32-bit)
 Heap Region Size: 1M
 Heap Min Capacity: 8M
 Heap Initial Capacity: 124M
 Heap Max Capacity: 1960M
 Pre-touch: Disabled
 Parallel Workers: 8
 Concurrent Workers: 2
 Concurrent Refinement Workers: 8
 Periodic GC: Disabled
Heap:
 garbage-first heap   total 105472K, used 69342K [0x0000000085800000, 0x0000000100000000)
  region size 1024K, 5 young (5120K), 3 survivors (3072K)
 Metaspace       used 55395K, committed 55744K, reserved 1114112K
  class space    used 6231K, committed 6400K, reserved 1048576K
GC Heap History (20 events):
Event: 11.868 GC heap before
{Heap before GC invocations=10 (full 0):
 garbage-first heap   total 55296K, used 46080K [0x0000000085800000, 0x0000000100000000)
  region size 1024K, 17 young (17408K), 3 survivors (3072K)
 Metaspace       used 37456K, committed 37760K, reserved 1114112K
  class space    used 4323K, committed 4480K, reserved 1048576K
}
Event: 11.883 GC heap after
{Heap after GC invocations=11 (full 0):
 garbage-first heap   total 66560K, used 36864K [0x0000000085800000, 0x0000000100000000)
  region size 1024K, 3 young (3072K), 3 survivors (3072K)
 Metaspace       used 37456K, committed 37760K, reserved 1114112K
  class space    used 4323K, committed 4480K, reserved 1048576K
}
Event: 13.010 GC heap before
{Heap before GC invocations=11 (full 0):
 garbage-first heap   total 66560K, used 53248K [0x0000000085800000, 0x0000000100000000)
  region size 1024K, 20 young (20480K), 3 survivors (3072K)
 Metaspace       used 41351K, committed 41664K, reserved 1114112K
  class space    used 4778K, committed 4928K, reserved 1048576K
}
Event: 13.019 GC heap after
{Heap after GC invocations=12 (full 0):
 garbage-first heap   total 66560K, used 40246K [0x0000000085800000, 0x0000000100000000)
  region size 1024K, 3 young (3072K), 3 survivors (3072K)
 Metaspace       used 41351K, committed 41664K, reserved 1114112K
  class space    used 4778K, committed 4928K, reserved 1048576K
}
Event: 13.933 GC heap before
{Heap before GC invocations=13 (full 0):
 garbage-first heap   total 71680K, used 55606K [0x0000000085800000, 0x0000000100000000)
  region size 1024K, 18 young (18432K), 3 survivors (3072K)
 Metaspace       used 44302K, committed 44608K, reserved 1114112K
  class space    used 5157K, committed 5312K, reserved 1048576K
}
Event: 13.945 GC heap after
{Heap after GC invocations=14 (full 0):
 garbage-first heap   total 71680K, used 43353K [0x0000000085800000, 0x0000000100000000)
  region size 1024K, 3 young (3072K), 3 survivors (3072K)
 Metaspace       used 44302K, committed 44608K, reserved 1114112K
  class space    used 5157K, committed 5312K, reserved 1048576K
}
Event: 15.092 GC heap before
{Heap before GC invocations=14 (full 0):
 garbage-first heap   total 71680K, used 59737K [0x0000000085800000, 0x0000000100000000)
  region size 1024K, 19 young (19456K), 3 survivors (3072K)
 Metaspace       used 45570K, committed 45824K, reserved 1114112K
  class space    used 5234K, committed 5376K, reserved 1048576K
}
Event: 15.109 GC heap after
{Heap after GC invocations=15 (full 0):
 garbage-first heap   total 71680K, used 46820K [0x0000000085800000, 0x0000000100000000)
  region size 1024K, 3 young (3072K), 3 survivors (3072K)
 Metaspace       used 45570K, committed 45824K, reserved 1114112K
  class space    used 5234K, committed 5376K, reserved 1048576K
}
Event: 16.091 GC heap before
{Heap before GC invocations=15 (full 0):
 garbage-first heap   total 71680K, used 61156K [0x0000000085800000, 0x0000000100000000)
  region size 1024K, 18 young (18432K), 3 survivors (3072K)
 Metaspace       used 47822K, committed 48128K, reserved 1114112K
  class space    used 5558K, committed 5696K, reserved 1048576K
}
Event: 16.108 GC heap after
{Heap after GC invocations=16 (full 0):
 garbage-first heap   total 71680K, used 50176K [0x0000000085800000, 0x0000000100000000)
  region size 1024K, 3 young (3072K), 3 survivors (3072K)
 Metaspace       used 47822K, committed 48128K, reserved 1114112K
  class space    used 5558K, committed 5696K, reserved 1048576K
}
Event: 16.823 GC heap before
{Heap before GC invocations=17 (full 0):
 garbage-first heap   total 87040K, used 62464K [0x0000000085800000, 0x0000000100000000)
  region size 1024K, 16 young (16384K), 3 survivors (3072K)
 Metaspace       used 50329K, committed 50624K, reserved 1114112K
  class space    used 5827K, committed 5952K, reserved 1048576K
}
Event: 16.836 GC heap after
{Heap after GC invocations=18 (full 0):
 garbage-first heap   total 87040K, used 51854K [0x0000000085800000, 0x0000000100000000)
  region size 1024K, 2 young (2048K), 2 survivors (2048K)
 Metaspace       used 50329K, committed 50624K, reserved 1114112K
  class space    used 5827K, committed 5952K, reserved 1048576K
}
Event: 17.660 GC heap before
{Heap before GC invocations=18 (full 0):
 garbage-first heap   total 87040K, used 73358K [0x0000000085800000, 0x0000000100000000)
  region size 1024K, 23 young (23552K), 2 survivors (2048K)
 Metaspace       used 51484K, committed 51776K, reserved 1114112K
  class space    used 5962K, committed 6144K, reserved 1048576K
}
Event: 17.676 GC heap after
{Heap after GC invocations=19 (full 0):
 garbage-first heap   total 105472K, used 56104K [0x0000000085800000, 0x0000000100000000)
  region size 1024K, 3 young (3072K), 3 survivors (3072K)
 Metaspace       used 51484K, committed 51776K, reserved 1114112K
  class space    used 5962K, committed 6144K, reserved 1048576K
}
Event: 19.734 GC heap before
{Heap before GC invocations=19 (full 0):
 garbage-first heap   total 105472K, used 86824K [0x0000000085800000, 0x0000000100000000)
  region size 1024K, 33 young (33792K), 3 survivors (3072K)
 Metaspace       used 53412K, committed 53760K, reserved 1114112K
  class space    used 6106K, committed 6272K, reserved 1048576K
}
Event: 19.757 GC heap after
{Heap after GC invocations=20 (full 0):
 garbage-first heap   total 105472K, used 61952K [0x0000000085800000, 0x0000000100000000)
  region size 1024K, 5 young (5120K), 5 survivors (5120K)
 Metaspace       used 53412K, committed 53760K, reserved 1114112K
  class space    used 6106K, committed 6272K, reserved 1048576K
}
Event: 21.647 GC heap before
{Heap before GC invocations=20 (full 0):
 garbage-first heap   total 105472K, used 88576K [0x0000000085800000, 0x0000000100000000)
  region size 1024K, 31 young (31744K), 5 survivors (5120K)
 Metaspace       used 54667K, committed 54976K, reserved 1114112K
  class space    used 6195K, committed 6336K, reserved 1048576K
}
Event: 21.670 GC heap after
{Heap after GC invocations=21 (full 0):
 garbage-first heap   total 105472K, used 66391K [0x0000000085800000, 0x0000000100000000)
  region size 1024K, 4 young (4096K), 4 survivors (4096K)
 Metaspace       used 54667K, committed 54976K, reserved 1114112K
  class space    used 6195K, committed 6336K, reserved 1048576K
}
Event: 23.299 GC heap before
{Heap before GC invocations=21 (full 0):
 garbage-first heap   total 105472K, used 90967K [0x0000000085800000, 0x0000000100000000)
  region size 1024K, 28 young (28672K), 4 survivors (4096K)
 Metaspace       used 55331K, committed 55680K, reserved 1114112K
  class space    used 6230K, committed 6400K, reserved 1048576K
}
Event: 23.317 GC heap after
{Heap after GC invocations=22 (full 0):
 garbage-first heap   total 105472K, used 69342K [0x0000000085800000, 0x0000000100000000)
  region size 1024K, 3 young (3072K), 3 survivors (3072K)
 Metaspace       used 55331K, committed 55680K, reserved 1114112K
  class space    used 6230K, committed 6400K, reserved 1048576K
}

