# JRE version: Java(TM) SE Runtime Environment (21.0.5+9) (build 21.0.5+9-LTS-239)
# Java VM: Java HotSpot(TM) 64-Bit Server VM (21.0.5+9-LTS-239, mixed mode, sharing, tiered, compressed oops, compressed class ptrs, g1 gc, windows-amd64)
GC Precious Log:
 CardTable entry size: 512
 Card Set container configuration: InlinePtr #cards 5 size 8 Array Of Cards #cards 12 size 40 Howl #buckets 4 coarsen threshold 1843 Howl Bitmap #cards 512 size 80 coarsen threshold 460 Card regions per heap region 1 cards per card region 2048
 CPUs: 8 total, 8 available
 Memory: 7834M
 Large Page Support: Disabled
 NUMA Support: Disabled
 Compressed Oops: Enabled (32-bit)
 Heap Region Size: 1M
 Heap Min Capacity: 8M
 Heap Initial Capacity: 124M
 Heap Max Capacity: 1960M
 Pre-touch: Disabled
 Parallel Workers: 8
 Concurrent Workers: 2
 Concurrent Refinement Workers: 8
 Periodic GC: Disabled
Heap:
 garbage-first heap   total 107520K, used 73097K [0x0000000085800000, 0x0000000100000000)
  region size 1024K, 12 young (12288K), 3 survivors (3072K)
 Metaspace       used 54123K, committed 54528K, reserved 1114112K
  class space    used 6108K, committed 6272K, reserved 1048576K
GC Heap History (20 events):
Event: 12.263 GC heap before
{Heap before GC invocations=9 (full 0):
 garbage-first heap   total 58368K, used 49552K [0x0000000085800000, 0x0000000100000000)
  region size 1024K, 22 young (22528K), 1 survivors (1024K)
 Metaspace       used 38248K, committed 38528K, reserved 1114112K
  class space    used 4387K, committed 4544K, reserved 1048576K
}
Event: 12.275 GC heap after
{Heap after GC invocations=10 (full 0):
 garbage-first heap   total 58368K, used 33103K [0x0000000085800000, 0x0000000100000000)
  region size 1024K, 3 young (3072K), 3 survivors (3072K)
 Metaspace       used 38248K, committed 38528K, reserved 1114112K
  class space    used 4387K, committed 4544K, reserved 1048576K
}
Event: 12.853 GC heap before
{Heap before GC invocations=10 (full 0):
 garbage-first heap   total 58368K, used 47439K [0x0000000085800000, 0x0000000100000000)
  region size 1024K, 18 young (18432K), 3 survivors (3072K)
 Metaspace       used 38290K, committed 38656K, reserved 1114112K
  class space    used 4387K, committed 4544K, reserved 1048576K
}
Event: 12.871 GC heap after
{Heap after GC invocations=11 (full 0):
 garbage-first heap   total 58368K, used 38527K [0x0000000085800000, 0x0000000100000000)
  region size 1024K, 3 young (3072K), 3 survivors (3072K)
 Metaspace       used 38290K, committed 38656K, reserved 1114112K
  class space    used 4387K, committed 4544K, reserved 1048576K
}
Event: 13.275 GC heap before
{Heap before GC invocations=11 (full 0):
 garbage-first heap   total 58368K, used 48767K [0x0000000085800000, 0x0000000100000000)
  region size 1024K, 13 young (13312K), 3 survivors (3072K)
 Metaspace       used 39366K, committed 39680K, reserved 1114112K
  class space    used 4517K, committed 4672K, reserved 1048576K
}
Event: 13.284 GC heap after
{Heap after GC invocations=12 (full 0):
 garbage-first heap   total 58368K, used 41981K [0x0000000085800000, 0x0000000100000000)
  region size 1024K, 2 young (2048K), 2 survivors (2048K)
 Metaspace       used 39366K, committed 39680K, reserved 1114112K
  class space    used 4517K, committed 4672K, reserved 1048576K
}
Event: 14.014 GC heap before
{Heap before GC invocations=13 (full 0):
 garbage-first heap   total 71680K, used 49149K [0x0000000085800000, 0x0000000100000000)
  region size 1024K, 10 young (10240K), 2 survivors (2048K)
 Metaspace       used 42013K, committed 42368K, reserved 1114112K
  class space    used 4881K, committed 5056K, reserved 1048576K
}
Event: 14.023 GC heap after
{Heap after GC invocations=14 (full 0):
 garbage-first heap   total 71680K, used 43381K [0x0000000085800000, 0x0000000100000000)
  region size 1024K, 1 young (1024K), 1 survivors (1024K)
 Metaspace       used 42013K, committed 42368K, reserved 1114112K
  class space    used 4881K, committed 5056K, reserved 1048576K
}
Event: 16.158 GC heap before
{Heap before GC invocations=14 (full 0):
 garbage-first heap   total 71680K, used 58741K [0x0000000085800000, 0x0000000100000000)
  region size 1024K, 17 young (17408K), 1 survivors (1024K)
 Metaspace       used 44856K, committed 45184K, reserved 1114112K
  class space    used 5202K, committed 5376K, reserved 1048576K
}
Event: 16.170 GC heap after
{Heap after GC invocations=15 (full 0):
 garbage-first heap   total 86016K, used 45536K [0x0000000085800000, 0x0000000100000000)
  region size 1024K, 3 young (3072K), 3 survivors (3072K)
 Metaspace       used 44856K, committed 45184K, reserved 1114112K
  class space    used 5202K, committed 5376K, reserved 1048576K
}
Event: 17.594 GC heap before
{Heap before GC invocations=15 (full 0):
 garbage-first heap   total 86016K, used 71136K [0x0000000085800000, 0x0000000100000000)
  region size 1024K, 28 young (28672K), 3 survivors (3072K)
 Metaspace       used 46523K, committed 46848K, reserved 1114112K
  class space    used 5352K, committed 5504K, reserved 1048576K
}
Event: 17.616 GC heap after
{Heap after GC invocations=16 (full 0):
 garbage-first heap   total 86016K, used 51929K [0x0000000085800000, 0x0000000100000000)
  region size 1024K, 4 young (4096K), 4 survivors (4096K)
 Metaspace       used 46523K, committed 46848K, reserved 1114112K
  class space    used 5352K, committed 5504K, reserved 1048576K
}
Event: 18.548 GC heap before
{Heap before GC invocations=17 (full 0):
 garbage-first heap   total 91136K, used 72409K [0x0000000085800000, 0x0000000100000000)
  region size 1024K, 24 young (24576K), 4 survivors (4096K)
 Metaspace       used 49687K, committed 49984K, reserved 1114112K
  class space    used 5696K, committed 5824K, reserved 1048576K
}
Event: 18.566 GC heap after
{Heap after GC invocations=18 (full 0):
 garbage-first heap   total 91136K, used 55296K [0x0000000085800000, 0x0000000100000000)
  region size 1024K, 3 young (3072K), 3 survivors (3072K)
 Metaspace       used 49687K, committed 49984K, reserved 1114112K
  class space    used 5696K, committed 5824K, reserved 1048576K
}
Event: 20.071 GC heap before
{Heap before GC invocations=18 (full 0):
 garbage-first heap   total 91136K, used 77824K [0x0000000085800000, 0x0000000100000000)
  region size 1024K, 25 young (25600K), 3 survivors (3072K)
 Metaspace       used 50817K, committed 51136K, reserved 1114112K
  class space    used 5811K, committed 5952K, reserved 1048576K
}
Event: 20.092 GC heap after
{Heap after GC invocations=19 (full 0):
 garbage-first heap   total 91136K, used 59392K [0x0000000085800000, 0x0000000100000000)
  region size 1024K, 4 young (4096K), 4 survivors (4096K)
 Metaspace       used 50817K, committed 51136K, reserved 1114112K
  class space    used 5811K, committed 5952K, reserved 1048576K
}
Event: 21.425 GC heap before
{Heap before GC invocations=19 (full 0):
 garbage-first heap   total 91136K, used 78848K [0x0000000085800000, 0x0000000100000000)
  region size 1024K, 23 young (23552K), 4 survivors (4096K)
 Metaspace       used 52241K, committed 52544K, reserved 1114112K
  class space    used 5922K, committed 6080K, reserved 1048576K
}
Event: 21.444 GC heap after
{Heap after GC invocations=20 (full 0):
 garbage-first heap   total 91136K, used 62976K [0x0000000085800000, 0x0000000100000000)
  region size 1024K, 3 young (3072K), 3 survivors (3072K)
 Metaspace       used 52241K, committed 52544K, reserved 1114112K
  class space    used 5922K, committed 6080K, reserved 1048576K
}
Event: 23.130 GC heap before
{Heap before GC invocations=21 (full 0):
 garbage-first heap   total 107520K, used 79360K [0x0000000085800000, 0x0000000100000000)
  region size 1024K, 20 young (20480K), 3 survivors (3072K)
 Metaspace       used 53681K, committed 54016K, reserved 1114112K
  class space    used 6061K, committed 6208K, reserved 1048576K
}
Event: 23.146 GC heap after
{Heap after GC invocations=22 (full 0):
 garbage-first heap   total 107520K, used 64905K [0x0000000085800000, 0x0000000100000000)
  region size 1024K, 3 young (3072K), 3 survivors (3072K)
 Metaspace       used 53681K, committed 54016K, reserved 1114112K
  class space    used 6061K, committed 6208K, reserved 1048576K
}

